<?xml version="1.0" encoding="UTF-8"?>
<!-- Generated by org.testng.reporters.JUnitReportReporter -->
<testsuite skipped="0" hostname="LAPTOP-NVQAJNIG" name="TestNgPractice.TestClass3" tests="1" failures="0" timestamp="04 Jun 2021 20:11:10 GMT" time="0.011" errors="0">
  <testcase name="execution" time="0.011" classname="TestNgPractice.TestClass3"/>
</testsuite> <!-- TestNgPractice.TestClass3 -->
